12:51:03.773 [main] DEBUG data.ExcelData - Execution Started
12:51:08.022 [main] INFO  data.ExcelData - Maximizing the window
12:51:12.202 [main] INFO  data.ExcelData - adding the credentials
12:51:13.643 [main] INFO  data.ExcelData - Clicking on schedule flight
12:51:16.245 [main] DEBUG data.ExcelData - Execution Started
12:51:18.793 [main] INFO  data.ExcelData - Maximizing the window
12:51:22.391 [main] INFO  data.ExcelData - adding the credentials
12:51:24.105 [main] INFO  data.ExcelData - Clicking on schedule flight
12:51:26.521 [main] DEBUG data.ExcelData - Execution Started
12:51:29.058 [main] INFO  data.ExcelData - Maximizing the window
12:51:32.935 [main] INFO  data.ExcelData - adding the credentials
12:51:34.282 [main] INFO  data.ExcelData - Clicking on schedule flight
12:51:40.674 [main] DEBUG data.ExcelData - Execution Started
12:51:43.339 [main] INFO  data.ExcelData - Maximizing the window
12:51:46.064 [main] DEBUG data.ExcelData - Execution Started
17:32:48.189 [main] INFO  testcases.AddFlightDetails - entering as admin
17:32:58.069 [main] INFO  testcases.AddFlightDetails - Selecting the flight from dropdown
17:32:59.071 [main] INFO  testcases.AddFlightDetails - selecting the route
17:32:59.586 [main] INFO  testcases.AddFlightDetails - adding the distance 
17:32:59.876 [main] INFO  testcases.AddFlightDetails - selecting the departure date
17:33:00.531 [main] INFO  testcases.AddFlightDetails - selecting the departure time
17:33:00.928 [main] INFO  testcases.AddFlightDetails - selecting the arrival date
17:33:01.324 [main] INFO  testcases.AddFlightDetails - selecting the arrival time
17:33:01.691 [main] INFO  testcases.AddFlightDetails - adding the cost of economy
17:33:01.890 [main] INFO  testcases.AddFlightDetails - finally adding the flight
17:58:15.858 [main] INFO  testcases.schedule_flight - entering as admin
17:58:26.573 [main] INFO  testcases.schedule_flight - Choosing the flight
17:58:26.831 [main] INFO  testcases.schedule_flight - Selecting by index of flight
17:58:28.334 [main] INFO  testcases.arrivalCalendarClick - entering as admin
17:58:37.159 [main] INFO  testcases.arrivalCalendarClick - Checking for clicking on arrival calendar
17:58:38.606 [main] INFO  testcases.CostOfClass - entering as admin
17:58:47.366 [main] INFO  testcases.CostOfClass - Checking for the block of cost of cost  
17:58:52.757 [main] INFO  testcases.ArrivalTimeClick - entering as admin
17:59:01.391 [main] INFO  testcases.ArrivalTimeClick - Checking for click on departure time
17:59:06.944 [main] INFO  testcases.route - entering as admin
17:59:15.532 [main] INFO  testcases.route - Choosing the route
17:59:15.707 [main] INFO  testcases.route - selecting the route
17:59:16.515 [main] INFO  testcases.route - closing the webpage
17:59:16.836 [main] INFO  testcases.DepartureTimeClick - entering as admin
17:59:25.481 [main] INFO  testcases.DepartureTimeClick - Clicking on the departure time
17:59:25.644 [main] INFO  testcases.DepartureTimeClick - Checking the status
17:59:25.940 [main] INFO  testcases.AddFlightDetails - entering as admin
17:59:34.358 [main] INFO  testcases.AddFlightDetails - Selecting the flight from dropdown
17:59:35.008 [main] INFO  testcases.AddFlightDetails - selecting the route
17:59:35.594 [main] INFO  testcases.AddFlightDetails - adding the distance 
17:59:35.799 [main] INFO  testcases.AddFlightDetails - selecting the departure date
17:59:36.375 [main] INFO  testcases.AddFlightDetails - selecting the departure time
17:59:36.729 [main] INFO  testcases.AddFlightDetails - selecting the arrival date
17:59:37.079 [main] INFO  testcases.AddFlightDetails - selecting the arrival time
17:59:37.429 [main] INFO  testcases.AddFlightDetails - adding the cost of economy
17:59:37.603 [main] INFO  testcases.AddFlightDetails - finally adding the flight
17:59:38.529 [main] INFO  testcases.departureCalendarSelect - entering as admin
17:59:46.599 [main] INFO  testcases.departureCalendarSelect - Clicking on departure calendar
17:59:47.825 [main] DEBUG data.ExcelData - Execution Started
17:59:50.370 [main] INFO  data.ExcelData - Maximizing the window
17:59:54.372 [main] INFO  data.ExcelData - adding the credentials
17:59:55.652 [main] INFO  data.ExcelData - Clicking on schedule flight
17:59:56.241 [main] INFO  testcases.depatureCalendarClick - entering as admin
18:00:05.519 [main] INFO  testcases.depatureCalendarClick - Clicking on Departure Calendar
18:00:05.725 [main] INFO  testcases.depatureCalendarClick - Testing the input case
18:00:09.236 [main] INFO  testcases.ArrivalCalendarSelect - entering as admin
18:00:19.251 [main] INFO  testcases.ArrivalCalendarSelect - Checking for selecting the Arrival date
20:56:08.716 [main] INFO  testcases.route - entering as admin
20:56:21.623 [main] INFO  testcases.route - Choosing the route
20:56:21.897 [main] INFO  testcases.route - selecting the route
20:56:22.769 [main] INFO  testcases.route - closing the webpage
22:59:08.805 [main] INFO  testcases.route - entering as admin
22:59:19.727 [main] INFO  testcases.route - Choosing the route
22:59:19.889 [main] INFO  testcases.route - selecting the route
22:59:20.675 [main] INFO  testcases.route - closing the webpage
23:16:45.437 [main] INFO  testcases.route - entering as admin
23:18:21.376 [main] INFO  testcases.route - entering as admin
23:20:20.733 [main] INFO  testcases.route - entering as admin
23:20:30.191 [main] INFO  testcases.route - Choosing the route
23:20:30.330 [main] INFO  testcases.route - selecting the route
23:20:31.116 [main] INFO  testcases.route - closing the webpage
23:34:01.676 [main] INFO  testcases.route - entering as admin
23:34:11.752 [main] INFO  testcases.route - Choosing the route
23:34:11.881 [main] INFO  testcases.route - selecting the route
23:34:12.608 [main] INFO  testcases.route - closing the webpage
23:34:12.817 [main] INFO  testcases.schedule_flight - entering as admin
23:34:21.107 [main] INFO  testcases.schedule_flight - Choosing the flight
23:34:21.360 [main] INFO  testcases.schedule_flight - Selecting by index of flight
23:58:12.367 [main] INFO  testcases.route - entering as admin
23:58:22.825 [main] INFO  testcases.route - Choosing the route
23:58:22.995 [main] INFO  testcases.route - selecting the route
23:58:23.804 [main] INFO  testcases.route - closing the webpage
23:58:24.064 [main] INFO  testcases.AddFlightDetails - entering as admin
23:58:31.960 [main] INFO  testcases.AddFlightDetails - Selecting the flight from dropdown
23:58:32.670 [main] INFO  testcases.AddFlightDetails - selecting the route
23:58:33.163 [main] INFO  testcases.AddFlightDetails - adding the distance 
23:58:33.359 [main] INFO  testcases.AddFlightDetails - selecting the departure date
23:58:33.849 [main] INFO  testcases.AddFlightDetails - selecting the departure time
23:58:34.130 [main] INFO  testcases.AddFlightDetails - selecting the arrival date
23:58:34.403 [main] INFO  testcases.AddFlightDetails - selecting the arrival time
23:58:34.671 [main] INFO  testcases.AddFlightDetails - adding the cost of economy
23:58:34.820 [main] INFO  testcases.AddFlightDetails - finally adding the flight
23:58:35.822 [main] INFO  testcases.schedule_flight - entering as admin
23:58:43.875 [main] INFO  testcases.schedule_flight - Choosing the flight
23:58:44.097 [main] INFO  testcases.schedule_flight - Selecting by index of flight
23:58:46.312 [main] INFO  testcases.depatureCalendarClick - entering as admin
23:58:54.727 [main] INFO  testcases.depatureCalendarClick - Clicking on Departure Calendar
23:58:54.889 [main] INFO  testcases.depatureCalendarClick - Testing the input case
23:58:55.730 [main] INFO  testcases.DepartureTimeClick - entering as admin
23:59:04.454 [main] INFO  testcases.DepartureTimeClick - Clicking on the departure time
23:59:04.607 [main] INFO  testcases.DepartureTimeClick - Checking the status
23:59:05.278 [main] INFO  testcases.departureCalendarSelect - entering as admin
23:59:14.905 [main] INFO  testcases.departureCalendarSelect - Clicking on departure calendar
23:59:15.620 [main] INFO  testcases.ArrivalTimeClick - entering as admin
23:59:23.733 [main] INFO  testcases.ArrivalTimeClick - Checking for click on departure time
23:59:29.267 [main] INFO  testcases.ArrivalCalendarSelect - entering as admin
23:59:37.616 [main] INFO  testcases.ArrivalCalendarSelect - Checking for selecting the Arrival date
23:59:40.339 [main] INFO  testcases.arrivalCalendarClick - entering as admin
23:59:47.954 [main] INFO  testcases.arrivalCalendarClick - Checking for clicking on arrival calendar
23:59:48.842 [main] INFO  testcases.CostOfClass - entering as admin
23:59:56.410 [main] INFO  testcases.CostOfClass - Checking for the block of cost of cost  
00:10:46.598 [main] DEBUG data.ExcelData - Execution Started
00:11:55.534 [main] DEBUG data.ExcelData - Execution Started
00:11:59.180 [main] INFO  data.ExcelData - Maximizing the window
00:12:02.563 [main] INFO  data.ExcelData - adding the credentials
00:12:03.585 [main] INFO  data.ExcelData - Clicking on schedule flight
00:13:12.992 [main] DEBUG data.ExcelData - Execution Started
00:13:16.676 [main] INFO  data.ExcelData - Maximizing the window
00:13:20.746 [main] INFO  data.ExcelData - adding the credentials
00:13:22.240 [main] INFO  data.ExcelData - Clicking on schedule flight
00:16:17.449 [main] DEBUG data.ExcelData - Execution Started
00:16:21.072 [main] INFO  data.ExcelData - Maximizing the window
00:16:24.622 [main] INFO  data.ExcelData - adding the credentials
00:16:26.007 [main] INFO  data.ExcelData - Clicking on schedule flight
01:41:10.989 [main] INFO  testcases.route - entering as admin
01:41:20.735 [main] INFO  testcases.route - Choosing the route
01:41:20.877 [main] INFO  testcases.route - selecting the route
01:41:21.568 [main] INFO  testcases.route - closing the webpage
01:41:21.828 [main] INFO  testcases.AddFlightDetails - entering as admin
01:41:30.850 [main] INFO  testcases.AddFlightDetails - Selecting the flight from dropdown
01:41:31.731 [main] INFO  testcases.AddFlightDetails - selecting the route
01:41:32.038 [main] INFO  testcases.AddFlightDetails - adding the distance 
01:41:32.236 [main] INFO  testcases.AddFlightDetails - selecting the departure date
01:41:32.767 [main] INFO  testcases.AddFlightDetails - selecting the departure time
01:41:33.085 [main] INFO  testcases.AddFlightDetails - selecting the arrival date
01:41:33.344 [main] INFO  testcases.AddFlightDetails - selecting the arrival time
01:41:33.620 [main] INFO  testcases.AddFlightDetails - adding the cost of economy
01:41:33.778 [main] INFO  testcases.AddFlightDetails - finally adding the flight
01:41:34.852 [main] INFO  testcases.schedule_flight - entering as admin
01:41:43.519 [main] INFO  testcases.schedule_flight - Choosing the flight
01:41:43.753 [main] INFO  testcases.schedule_flight - Selecting by index of flight
01:41:45.019 [main] INFO  testcases.depatureCalendarClick - entering as admin
01:41:53.226 [main] INFO  testcases.depatureCalendarClick - Clicking on Departure Calendar
01:41:53.390 [main] INFO  testcases.depatureCalendarClick - Testing the input case
01:41:54.312 [main] INFO  testcases.DepartureTimeClick - entering as admin
01:42:03.056 [main] INFO  testcases.DepartureTimeClick - Clicking on the departure time
01:42:03.202 [main] INFO  testcases.DepartureTimeClick - Checking the status
01:42:03.681 [main] INFO  testcases.departureCalendarSelect - entering as admin
01:42:12.384 [main] INFO  testcases.departureCalendarSelect - Clicking on departure calendar
01:42:13.426 [main] INFO  testcases.ArrivalTimeClick - entering as admin
01:42:22.426 [main] INFO  testcases.ArrivalTimeClick - Checking for click on departure time
01:42:30.099 [main] INFO  testcases.ArrivalCalendarSelect - entering as admin
01:42:37.680 [main] INFO  testcases.ArrivalCalendarSelect - Checking for selecting the Arrival date
01:42:40.231 [main] INFO  testcases.arrivalCalendarClick - entering as admin
01:42:48.508 [main] INFO  testcases.arrivalCalendarClick - Checking for clicking on arrival calendar
01:42:49.695 [main] INFO  testcases.CostOfClass - entering as admin
01:42:58.087 [main] INFO  testcases.CostOfClass - Checking for the block of cost of cost  
